# JRE version: Java(TM) SE Runtime Environment (8.0_211-b12) (build 1.8.0_211-b12)
# Java VM: Java HotSpot(TM) 64-Bit Server VM (25.211-b12 mixed mode windows-amd64 compressed oops)
Heap:
 PSYoungGen      total 370176K, used 78403K [0x000000076ba00000, 0x0000000783e80000, 0x00000007c0000000)
  eden space 348672K, 22% used [0x000000076ba00000,0x0000000770690ee8,0x0000000780e80000)
  from space 21504K, 0% used [0x0000000782980000,0x0000000782980000,0x0000000783e80000)
  to   space 24064K, 0% used [0x0000000780f80000,0x0000000780f80000,0x0000000782700000)
 ParOldGen       total 198656K, used 43935K [0x00000006c2e00000, 0x00000006cf000000, 0x000000076ba00000)
  object space 198656K, 22% used [0x00000006c2e00000,0x00000006c58e7f18,0x00000006cf000000)
 Metaspace       used 61704K, capacity 64670K, committed 64804K, reserved 1105920K
  class space    used 7878K, capacity 8448K, committed 8524K, reserved 1048576K
GC Heap History (10 events):
Event: 9.769 GC heap before
{Heap before GC invocations=11 (full 1):
 PSYoungGen      total 253952K, used 17049K [0x000000076ba00000, 0x000000077ce80000, 0x00000007c0000000)
  eden space 245248K, 3% used [0x000000076ba00000,0x000000076c270598,0x000000077a980000)
  from space 8704K, 96% used [0x000000077ae00000,0x000000077b636230,0x000000077b680000)
  to   space 18944K, 0% used [0x000000077bc00000,0x000000077bc00000,0x000000077ce80000)
 ParOldGen       total 122368K, used 21774K [0x00000006c2e00000, 0x00000006ca580000, 0x000000076ba00000)
  object space 122368K, 17% used [0x00000006c2e00000,0x00000006c4343808,0x00000006ca580000)
 Metaspace       used 34709K, capacity 35562K, committed 35748K, reserved 1081344K
  class space    used 4236K, capacity 4482K, committed 4556K, reserved 1048576K
Event: 9.774 GC heap after
Heap after GC invocations=11 (full 1):
 PSYoungGen      total 264192K, used 4312K [0x000000076ba00000, 0x0000000783700000, 0x00000007c0000000)
  eden space 245248K, 0% used [0x000000076ba00000,0x000000076ba00000,0x000000077a980000)
  from space 18944K, 22% used [0x000000077bc00000,0x000000077c036130,0x000000077ce80000)
  to   space 18944K, 0% used [0x000000077a980000,0x000000077a980000,0x000000077bc00000)
 ParOldGen       total 122368K, used 21782K [0x00000006c2e00000, 0x00000006ca580000, 0x000000076ba00000)
  object space 122368K, 17% used [0x00000006c2e00000,0x00000006c4345808,0x00000006ca580000)
 Metaspace       used 34709K, capacity 35562K, committed 35748K, reserved 1081344K
  class space    used 4236K, capacity 4482K, committed 4556K, reserved 1048576K
}
Event: 9.774 GC heap before
{Heap before GC invocations=12 (full 2):
 PSYoungGen      total 264192K, used 4312K [0x000000076ba00000, 0x0000000783700000, 0x00000007c0000000)
  eden space 245248K, 0% used [0x000000076ba00000,0x000000076ba00000,0x000000077a980000)
  from space 18944K, 22% used [0x000000077bc00000,0x000000077c036130,0x000000077ce80000)
  to   space 18944K, 0% used [0x000000077a980000,0x000000077a980000,0x000000077bc00000)
 ParOldGen       total 122368K, used 21782K [0x00000006c2e00000, 0x00000006ca580000, 0x000000076ba00000)
  object space 122368K, 17% used [0x00000006c2e00000,0x00000006c4345808,0x00000006ca580000)
 Metaspace       used 34709K, capacity 35562K, committed 35748K, reserved 1081344K
  class space    used 4236K, capacity 4482K, committed 4556K, reserved 1048576K
Event: 9.814 GC heap after
Heap after GC invocations=12 (full 2):
 PSYoungGen      total 264192K, used 0K [0x000000076ba00000, 0x0000000783700000, 0x00000007c0000000)
  eden space 245248K, 0% used [0x000000076ba00000,0x000000076ba00000,0x000000077a980000)
  from space 18944K, 0% used [0x000000077bc00000,0x000000077bc00000,0x000000077ce80000)
  to   space 18944K, 0% used [0x000000077a980000,0x000000077a980000,0x000000077bc00000)
 ParOldGen       total 145408K, used 24318K [0x00000006c2e00000, 0x00000006cbc00000, 0x000000076ba00000)
  object space 145408K, 16% used [0x00000006c2e00000,0x00000006c45bf818,0x00000006cbc00000)
 Metaspace       used 34708K, capacity 35556K, committed 35748K, reserved 1081344K
  class space    used 4235K, capacity 4481K, committed 4556K, reserved 1048576K
}
Event: 12.284 GC heap before
{Heap before GC invocations=13 (full 2):
 PSYoungGen      total 264192K, used 245248K [0x000000076ba00000, 0x0000000783700000, 0x00000007c0000000)
  eden space 245248K, 100% used [0x000000076ba00000,0x000000077a980000,0x000000077a980000)
  from space 18944K, 0% used [0x000000077bc00000,0x000000077bc00000,0x000000077ce80000)
  to   space 18944K, 0% used [0x000000077a980000,0x000000077a980000,0x000000077bc00000)
 ParOldGen       total 145408K, used 24318K [0x00000006c2e00000, 0x00000006cbc00000, 0x000000076ba00000)
  object space 145408K, 16% used [0x00000006c2e00000,0x00000006c45bf818,0x00000006cbc00000)
 Metaspace       used 48582K, capacity 50532K, committed 50724K, reserved 1093632K
  class space    used 6050K, capacity 6435K, committed 6476K, reserved 1048576K
Event: 12.296 GC heap after
Heap after GC invocations=13 (full 2):
 PSYoungGen      total 264192K, used 18486K [0x000000076ba00000, 0x0000000783e80000, 0x00000007c0000000)
  eden space 245248K, 0% used [0x000000076ba00000,0x000000076ba00000,0x000000077a980000)
  from space 18944K, 97% used [0x000000077a980000,0x000000077bb8d8c8,0x000000077bc00000)
  to   space 21504K, 0% used [0x0000000782980000,0x0000000782980000,0x0000000783e80000)
 ParOldGen       total 145408K, used 24390K [0x00000006c2e00000, 0x00000006cbc00000, 0x000000076ba00000)
  object space 145408K, 16% used [0x00000006c2e00000,0x00000006c45d1828,0x00000006cbc00000)
 Metaspace       used 48582K, capacity 50532K, committed 50724K, reserved 1093632K
  class space    used 6050K, capacity 6435K, committed 6476K, reserved 1048576K
}
Event: 14.376 GC heap before
{Heap before GC invocations=14 (full 2):
 PSYoungGen      total 264192K, used 201869K [0x000000076ba00000, 0x0000000783e80000, 0x00000007c0000000)
  eden space 245248K, 74% used [0x000000076ba00000,0x0000000776d15d78,0x000000077a980000)
  from space 18944K, 97% used [0x000000077a980000,0x000000077bb8d8c8,0x000000077bc00000)
  to   space 21504K, 0% used [0x0000000782980000,0x0000000782980000,0x0000000783e80000)
 ParOldGen       total 145408K, used 24390K [0x00000006c2e00000, 0x00000006cbc00000, 0x000000076ba00000)
  object space 145408K, 16% used [0x00000006c2e00000,0x00000006c45d1828,0x00000006cbc00000)
 Metaspace       used 56900K, capacity 59576K, committed 59580K, reserved 1101824K
  class space    used 7274K, capacity 7755K, committed 7756K, reserved 1048576K
Event: 14.396 GC heap after
Heap after GC invocations=14 (full 2):
 PSYoungGen      total 370176K, used 21347K [0x000000076ba00000, 0x0000000783e80000, 0x00000007c0000000)
  eden space 348672K, 0% used [0x000000076ba00000,0x000000076ba00000,0x0000000780e80000)
  from space 21504K, 99% used [0x0000000782980000,0x0000000783e58ef0,0x0000000783e80000)
  to   space 24064K, 0% used [0x0000000780f80000,0x0000000780f80000,0x0000000782700000)
 ParOldGen       total 145408K, used 24398K [0x00000006c2e00000, 0x00000006cbc00000, 0x000000076ba00000)
  object space 145408K, 16% used [0x00000006c2e00000,0x00000006c45d3828,0x00000006cbc00000)
 Metaspace       used 56900K, capacity 59576K, committed 59580K, reserved 1101824K
  class space    used 7274K, capacity 7755K, committed 7756K, reserved 1048576K
}
Event: 14.396 GC heap before
{Heap before GC invocations=15 (full 3):
 PSYoungGen      total 370176K, used 21347K [0x000000076ba00000, 0x0000000783e80000, 0x00000007c0000000)
  eden space 348672K, 0% used [0x000000076ba00000,0x000000076ba00000,0x0000000780e80000)
  from space 21504K, 99% used [0x0000000782980000,0x0000000783e58ef0,0x0000000783e80000)
  to   space 24064K, 0% used [0x0000000780f80000,0x0000000780f80000,0x0000000782700000)
 ParOldGen       total 145408K, used 24398K [0x00000006c2e00000, 0x00000006cbc00000, 0x000000076ba00000)
  object space 145408K, 16% used [0x00000006c2e00000,0x00000006c45d3828,0x00000006cbc00000)
 Metaspace       used 56900K, capacity 59576K, committed 59580K, reserved 1101824K
  class space    used 7274K, capacity 7755K, committed 7756K, reserved 1048576K
Event: 14.681 GC heap after
Heap after GC invocations=15 (full 3):
 PSYoungGen      total 370176K, used 0K [0x000000076ba00000, 0x0000000783e80000, 0x00000007c0000000)
  eden space 348672K, 0% used [0x000000076ba00000,0x000000076ba00000,0x0000000780e80000)
  from space 21504K, 0% used [0x0000000782980000,0x0000000782980000,0x0000000783e80000)
  to   space 24064K, 0% used [0x0000000780f80000,0x0000000780f80000,0x0000000782700000)
 ParOldGen       total 198656K, used 43935K [0x00000006c2e00000, 0x00000006cf000000, 0x000000076ba00000)
  object space 198656K, 22% used [0x00000006c2e00000,0x00000006c58e7f18,0x00000006cf000000)
 Metaspace       used 56900K, capacity 59576K, committed 59580K, reserved 1101824K
  class space    used 7274K, capacity 7755K, committed 7756K, reserved 1048576K
}

